<?xml version="1.0" encoding="UTF-8"?>
<!-- Generated by org.testng.reporters.JUnitReportReporter -->
<testsuite hostname="DESKTOP-REHK3R4" name="runner.TestRunner" tests="1" failures="0" timestamp="10 Dec 2019 17:12:49 GMT" time="29.079" errors="0">
  <testcase name="feature" time="29.079" classname="runner.TestRunner"/>
</testsuite> <!-- runner.TestRunner -->
